<?xml version="1.0" encoding="UTF-8"?>
<testsuite xmlns:xsi="http://www.w3.org/2001/XMLSchema-instance" xsi:noNamespaceSchemaLocation="https://maven.apache.org/surefire/maven-surefire-plugin/xsd/surefire-test-report-3.0.xsd" version="3.0" name="inventory.service.InventoryServiceTest" time="0.132" tests="8" errors="0" skipped="1" failures="0">
  <properties>
    <property name="sun.desktop" value="windows"/>
    <property name="awt.toolkit" value="sun.awt.windows.WToolkit"/>
    <property name="java.specification.version" value="11"/>
    <property name="sun.cpu.isalist" value="amd64"/>
    <property name="sun.jnu.encoding" value="Cp1250"/>
    <property name="java.class.path" value="D:\roland_VVSS\roland_VVSS\target\test-classes;D:\roland_VVSS\roland_VVSS\target\classes;C:\Users\sergi\.m2\repository\org\junit\jupiter\junit-jupiter-api\5.6.0\junit-jupiter-api-5.6.0.jar;C:\Users\sergi\.m2\repository\org\apiguardian\apiguardian-api\1.1.0\apiguardian-api-1.1.0.jar;C:\Users\sergi\.m2\repository\org\opentest4j\opentest4j\1.2.0\opentest4j-1.2.0.jar;C:\Users\sergi\.m2\repository\org\junit\platform\junit-platform-commons\1.6.0\junit-platform-commons-1.6.0.jar;C:\Users\sergi\.m2\repository\org\junit\jupiter\junit-jupiter-engine\5.6.0\junit-jupiter-engine-5.6.0.jar;C:\Users\sergi\.m2\repository\org\junit\platform\junit-platform-engine\1.6.0\junit-platform-engine-1.6.0.jar;C:\Users\sergi\.m2\repository\org\junit\jupiter\junit-jupiter-params\5.6.0\junit-jupiter-params-5.6.0.jar;C:\Users\sergi\.m2\repository\org\mockito\mockito-core\2.23.0\mockito-core-2.23.0.jar;C:\Users\sergi\.m2\repository\net\bytebuddy\byte-buddy\1.9.0\byte-buddy-1.9.0.jar;C:\Users\sergi\.m2\repository\net\bytebuddy\byte-buddy-agent\1.9.0\byte-buddy-agent-1.9.0.jar;C:\Users\sergi\.m2\repository\org\objenesis\objenesis\2.6\objenesis-2.6.jar;C:\Users\sergi\.m2\repository\org\mockito\mockito-junit-jupiter\2.23.0\mockito-junit-jupiter-2.23.0.jar;C:\Users\sergi\.m2\repository\org\openjfx\javafx-base\14-ea+4\javafx-base-14-ea+4.jar;C:\Users\sergi\.m2\repository\org\openjfx\javafx-base\14-ea+4\javafx-base-14-ea+4-win.jar;C:\Users\sergi\.m2\repository\org\openjfx\javafx-graphics\14-ea+4\javafx-graphics-14-ea+4.jar;C:\Users\sergi\.m2\repository\org\openjfx\javafx-graphics\14-ea+4\javafx-graphics-14-ea+4-win.jar;C:\Users\sergi\.m2\repository\org\openjfx\javafx-controls\14-ea+4\javafx-controls-14-ea+4.jar;C:\Users\sergi\.m2\repository\org\openjfx\javafx-controls\14-ea+4\javafx-controls-14-ea+4-win.jar;C:\Users\sergi\.m2\repository\org\openjfx\javafx-fxml\14-ea+4\javafx-fxml-14-ea+4.jar;C:\Users\sergi\.m2\repository\org\openjfx\javafx-fxml\14-ea+4\javafx-fxml-14-ea+4-win.jar;C:\Users\sergi\.m2\repository\org\openjfx\javafx-media\14-ea+4\javafx-media-14-ea+4.jar;C:\Users\sergi\.m2\repository\org\openjfx\javafx-media\14-ea+4\javafx-media-14-ea+4-win.jar;C:\Users\sergi\.m2\repository\org\openjfx\javafx-swing\14-ea+4\javafx-swing-14-ea+4.jar;C:\Users\sergi\.m2\repository\org\openjfx\javafx-swing\14-ea+4\javafx-swing-14-ea+4-win.jar;C:\Users\sergi\.m2\repository\org\openjfx\javafx-web\14-ea+4\javafx-web-14-ea+4.jar;C:\Users\sergi\.m2\repository\org\openjfx\javafx-web\14-ea+4\javafx-web-14-ea+4-win.jar;C:\Users\sergi\.m2\repository\log4j\log4j\1.2.17\log4j-1.2.17.jar;C:\Users\sergi\.m2\repository\org\controlsfx\controlsfx\11.0.1\controlsfx-11.0.1.jar;"/>
    <property name="java.vm.vendor" value="Amazon.com Inc."/>
    <property name="sun.arch.data.model" value="64"/>
    <property name="user.variant" value=""/>
    <property name="java.vendor.url" value="https://aws.amazon.com/corretto/"/>
    <property name="user.timezone" value="Europe/Bucharest"/>
    <property name="user.country.format" value="US"/>
    <property name="java.vm.specification.version" value="11"/>
    <property name="os.name" value="Windows 11"/>
    <property name="sun.java.launcher" value="SUN_STANDARD"/>
    <property name="user.country" value="RO"/>
    <property name="sun.boot.library.path" value="C:\Users\sergi\.jdks\corretto-11.0.25\bin"/>
    <property name="sun.java.command" value="C:\Users\sergi\AppData\Local\Temp\surefire17378486303567042773\surefirebooter-20250523152508705_3.jar C:\Users\sergi\AppData\Local\Temp\surefire17378486303567042773 2025-05-23T15-25-08_322-jvmRun1 surefire-20250523152508705_1tmp surefire_0-20250523152508705_2tmp"/>
    <property name="jdk.debug" value="release"/>
    <property name="surefire.test.class.path" value="D:\roland_VVSS\roland_VVSS\target\test-classes;D:\roland_VVSS\roland_VVSS\target\classes;C:\Users\sergi\.m2\repository\org\junit\jupiter\junit-jupiter-api\5.6.0\junit-jupiter-api-5.6.0.jar;C:\Users\sergi\.m2\repository\org\apiguardian\apiguardian-api\1.1.0\apiguardian-api-1.1.0.jar;C:\Users\sergi\.m2\repository\org\opentest4j\opentest4j\1.2.0\opentest4j-1.2.0.jar;C:\Users\sergi\.m2\repository\org\junit\platform\junit-platform-commons\1.6.0\junit-platform-commons-1.6.0.jar;C:\Users\sergi\.m2\repository\org\junit\jupiter\junit-jupiter-engine\5.6.0\junit-jupiter-engine-5.6.0.jar;C:\Users\sergi\.m2\repository\org\junit\platform\junit-platform-engine\1.6.0\junit-platform-engine-1.6.0.jar;C:\Users\sergi\.m2\repository\org\junit\jupiter\junit-jupiter-params\5.6.0\junit-jupiter-params-5.6.0.jar;C:\Users\sergi\.m2\repository\org\mockito\mockito-core\2.23.0\mockito-core-2.23.0.jar;C:\Users\sergi\.m2\repository\net\bytebuddy\byte-buddy\1.9.0\byte-buddy-1.9.0.jar;C:\Users\sergi\.m2\repository\net\bytebuddy\byte-buddy-agent\1.9.0\byte-buddy-agent-1.9.0.jar;C:\Users\sergi\.m2\repository\org\objenesis\objenesis\2.6\objenesis-2.6.jar;C:\Users\sergi\.m2\repository\org\mockito\mockito-junit-jupiter\2.23.0\mockito-junit-jupiter-2.23.0.jar;C:\Users\sergi\.m2\repository\org\openjfx\javafx-base\14-ea+4\javafx-base-14-ea+4.jar;C:\Users\sergi\.m2\repository\org\openjfx\javafx-base\14-ea+4\javafx-base-14-ea+4-win.jar;C:\Users\sergi\.m2\repository\org\openjfx\javafx-graphics\14-ea+4\javafx-graphics-14-ea+4.jar;C:\Users\sergi\.m2\repository\org\openjfx\javafx-graphics\14-ea+4\javafx-graphics-14-ea+4-win.jar;C:\Users\sergi\.m2\repository\org\openjfx\javafx-controls\14-ea+4\javafx-controls-14-ea+4.jar;C:\Users\sergi\.m2\repository\org\openjfx\javafx-controls\14-ea+4\javafx-controls-14-ea+4-win.jar;C:\Users\sergi\.m2\repository\org\openjfx\javafx-fxml\14-ea+4\javafx-fxml-14-ea+4.jar;C:\Users\sergi\.m2\repository\org\openjfx\javafx-fxml\14-ea+4\javafx-fxml-14-ea+4-win.jar;C:\Users\sergi\.m2\repository\org\openjfx\javafx-media\14-ea+4\javafx-media-14-ea+4.jar;C:\Users\sergi\.m2\repository\org\openjfx\javafx-media\14-ea+4\javafx-media-14-ea+4-win.jar;C:\Users\sergi\.m2\repository\org\openjfx\javafx-swing\14-ea+4\javafx-swing-14-ea+4.jar;C:\Users\sergi\.m2\repository\org\openjfx\javafx-swing\14-ea+4\javafx-swing-14-ea+4-win.jar;C:\Users\sergi\.m2\repository\org\openjfx\javafx-web\14-ea+4\javafx-web-14-ea+4.jar;C:\Users\sergi\.m2\repository\org\openjfx\javafx-web\14-ea+4\javafx-web-14-ea+4-win.jar;C:\Users\sergi\.m2\repository\log4j\log4j\1.2.17\log4j-1.2.17.jar;C:\Users\sergi\.m2\repository\org\controlsfx\controlsfx\11.0.1\controlsfx-11.0.1.jar;"/>
    <property name="sun.cpu.endian" value="little"/>
    <property name="user.home" value="C:\Users\sergi"/>
    <property name="user.language" value="ro"/>
    <property name="java.specification.vendor" value="Oracle Corporation"/>
    <property name="java.version.date" value="2024-10-15"/>
    <property name="java.home" value="C:\Users\sergi\.jdks\corretto-11.0.25"/>
    <property name="file.separator" value="\"/>
    <property name="basedir" value="D:\roland_VVSS\roland_VVSS"/>
    <property name="java.vm.compressedOopsMode" value="Zero based"/>
    <property name="line.separator" value="&#10;"/>
    <property name="java.specification.name" value="Java Platform API Specification"/>
    <property name="java.vm.specification.vendor" value="Oracle Corporation"/>
    <property name="java.awt.graphicsenv" value="sun.awt.Win32GraphicsEnvironment"/>
    <property name="surefire.real.class.path" value="C:\Users\sergi\AppData\Local\Temp\surefire17378486303567042773\surefirebooter-20250523152508705_3.jar"/>
    <property name="user.script" value=""/>
    <property name="sun.management.compiler" value="HotSpot 64-Bit Tiered Compilers"/>
    <property name="java.runtime.version" value="11.0.25+9-LTS"/>
    <property name="user.name" value="sergi"/>
    <property name="path.separator" value=";"/>
    <property name="os.version" value="10.0"/>
    <property name="java.runtime.name" value="OpenJDK Runtime Environment"/>
    <property name="file.encoding" value="Cp1250"/>
    <property name="java.vm.name" value="OpenJDK 64-Bit Server VM"/>
    <property name="java.vendor.version" value="Corretto-11.0.25.9.1"/>
    <property name="localRepository" value="C:\Users\sergi\.m2\repository"/>
    <property name="java.vendor.url.bug" value="https://github.com/corretto/corretto-11/issues/"/>
    <property name="java.io.tmpdir" value="C:\Users\sergi\AppData\Local\Temp\"/>
    <property name="idea.version" value="2024.3.3"/>
    <property name="java.version" value="11.0.25"/>
    <property name="user.dir" value="D:\roland_VVSS\roland_VVSS"/>
    <property name="os.arch" value="amd64"/>
    <property name="java.vm.specification.name" value="Java Virtual Machine Specification"/>
    <property name="java.awt.printerjob" value="sun.awt.windows.WPrinterJob"/>
    <property name="user.language.format" value="en"/>
    <property name="sun.os.patch.level" value=""/>
    <property name="java.library.path" value="C:\Users\sergi\.jdks\corretto-11.0.25\bin;C:\Windows\Sun\Java\bin;C:\Windows\system32;C:\Windows;C:\Program Files\Microsoft MPI\Bin\;C:\Python312\Scripts\;C:\Python312\;C:\Windows\system32;C:\Windows;C:\Windows\System32\Wbem;C:\Windows\System32\WindowsPowerShell\v1.0\;C:\Windows\System32\OpenSSH\;C:\Program Files (x86)\Microsoft SQL Server\160\Tools\Binn\;C:\Program Files\Microsoft SQL Server\160\Tools\Binn\;C:\Program Files\Microsoft SQL Server\Client SDK\ODBC\170\Tools\Binn\;C:\Program Files\Microsoft SQL Server\160\DTS\Binn\;C:\Program Files (x86)\Microsoft SQL Server\160\DTS\Binn\;C:\Program Files\Azure Data Studio\bin;C:\Program Files\dotnet\;E:\AppsFiles\;C:\ProgramData\chocolatey\bin;C:\Program Files\PuTTY\;C:\Program Files (x86)\Incredibuild;C:\Program Files (x86)\Windows Kits\10\Windows Performance Toolkit\;C:\Program Files\Microsoft SQL Server\150\Tools\Binn\;C:\MinGW\bin\;C:\Program Files\NVIDIA Corporation\NVIDIA NvDLISR;D:\Facultate\Sem5\RPA\chromedriver-win64;C:\msys64\usr\bin;C:\nasm-2.16.03;C:\MinGW\bin;C:\Program Files\Microsoft VS Code\bin;C:\Program Files\Git\cmd;C:\Program Files\MATLAB\R2021b\runtime\win64;C:\Program Files\MATLAB\R2021b\bin;C:\Program Files\nodejs\;C:\Program Files\SafeNet\Authentication\SAC\x64;C:\Program Files\SafeNet\Authentication\SAC\x32;C:\Users\sergi\Downloads\openlogic-openjdk-21.0.6+7-windows-x64\openlogic-openjdk-21.0.6+7-windows-x64\bin;C:\Program Files\Microsoft\jdk-17.0.10.7-hotspot\bin;D:\apache-maven-3.9.9-bin\apache-maven-3.9.9\bin;C:\Users\sergi\chromedriver-win64\chromedriver-win64;C:\Users\sergi\AppData\Local\Programs\Python\Python313\Scripts\;C:\Users\sergi\AppData\Local\Programs\Python\Python313\;C:\Users\sergi\AppData\Local\Microsoft\WindowsApps;C:\Program Files\Azure Data Studio\bin;E:\AppsFiles\PyCharm 2023.3.3\bin;;C:\Program Files\JetBrains\JetBrains Rider 2024.3.6\bin;;E:\AppsFiles\CLion 2023.3.3\bin;;C:\Program Files\JetBrains\IntelliJ IDEA 2024.3.3\bin;;E:\Microsoft VS Code\bin;C:\Users\sergi\AppData\Local\Android\Sdk\platform-tools;C:\Users\sergi\.dotnet\tools;C:\Program Files\JetBrains\PyCharm Community Edition 2024.3.5\bin;;C:\Users\sergi\AppData\Local\GitHubDesktop\bin;C:\Program Files\JetBrains\WebStorm 2024.3.4\bin;;C:\Users\sergi\AppData\Roaming\npm;."/>
    <property name="java.vm.info" value="mixed mode"/>
    <property name="java.vendor" value="Amazon.com Inc."/>
    <property name="java.vm.version" value="11.0.25+9-LTS"/>
    <property name="java.specification.maintenance.version" value="3"/>
    <property name="sun.io.unicode.encoding" value="UnicodeLittle"/>
    <property name="java.class.version" value="55.0"/>
  </properties>
  <testcase name="addValidInHousePart(double, int)[1]" classname="inventory.service.InventoryServiceTest" time="0.059">
    <system-out><![CDATA[I,1,piesa,0.1,5,5,10,1
I,2,piesa,1.0,6,5,10,1
I,3,piesa,1.7976931348623157E308,9,5,10,1
I,4,piesa,1.7976931348623157E308,10,5,10,1
I,5,piesa,0.1,5,5,10,1
I,6,piesa,1.0,6,5,10,1
I,7,piesa,1.7976931348623157E308,9,5,10,1
I,8,piesa,1.7976931348623157E308,10,5,10,1
I,9,piesa,0.1,5,5,10,1
I,10,piesa,1.0,6,5,10,1
I,11,piesa,1.7976931348623157E308,9,5,10,1
I,12,piesa,1.7976931348623157E308,10,5,10,1
I,13,piesa,0.1,5,5,10,1
I,14,piesa,1.0,6,5,10,1
I,15,piesa,1.7976931348623157E308,9,5,10,1
I,16,piesa,1.7976931348623157E308,10,5,10,1
I,17,piesa,0.1,5,5,10,1
I,18,piesa,1.0,6,5,10,1
I,19,piesa,1.7976931348623157E308,9,5,10,1
I,20,piesa,1.7976931348623157E308,10,5,10,1
I,21,piesa,0.1,5,5,10,1
I,22,piesa,1.0,6,5,10,1
I,23,piesa,1.7976931348623157E308,9,5,10,1
I,24,piesa,1.7976931348623157E308,10,5,10,1
I,25,piesa,0.1,5,5,10,1
I,26,piesa,1.0,6,5,10,1
I,27,piesa,1.7976931348623157E308,9,5,10,1
I,28,piesa,1.7976931348623157E308,10,5,10,1
I,29,piesa,0.1,5,5,10,1
I,1,piesa,0.1,5,5,10,1
I,2,piesa,1.0,6,5,10,1
I,3,piesa,1.7976931348623157E308,9,5,10,1
I,4,piesa,1.7976931348623157E308,10,5,10,1
I,5,piesa,0.1,5,5,10,1
I,6,piesa,1.0,6,5,10,1
I,7,piesa,1.7976931348623157E308,9,5,10,1
I,8,piesa,1.7976931348623157E308,10,5,10,1
I,9,piesa,0.1,5,5,10,1
I,10,piesa,1.0,6,5,10,1
I,11,piesa,1.7976931348623157E308,9,5,10,1
I,12,piesa,1.7976931348623157E308,10,5,10,1
I,13,piesa,0.1,5,5,10,1
I,14,piesa,1.0,6,5,10,1
I,15,piesa,1.7976931348623157E308,9,5,10,1
I,16,piesa,1.7976931348623157E308,10,5,10,1
I,17,piesa,0.1,5,5,10,1
I,18,piesa,1.0,6,5,10,1
I,19,piesa,1.7976931348623157E308,9,5,10,1
I,20,piesa,1.7976931348623157E308,10,5,10,1
I,21,piesa,0.1,5,5,10,1
I,22,piesa,1.0,6,5,10,1
I,23,piesa,1.7976931348623157E308,9,5,10,1
I,24,piesa,1.7976931348623157E308,10,5,10,1
I,25,piesa,0.1,5,5,10,1
I,26,piesa,1.0,6,5,10,1
I,27,piesa,1.7976931348623157E308,9,5,10,1
I,28,piesa,1.7976931348623157E308,10,5,10,1
I,29,piesa,0.1,5,5,10,1
]]></system-out>
  </testcase>
  <testcase name="addValidInHousePart(double, int)[2]" classname="inventory.service.InventoryServiceTest" time="0.007">
    <system-out><![CDATA[I,1,piesa,0.1,5,5,10,1
I,2,piesa,1.0,6,5,10,1
I,3,piesa,1.7976931348623157E308,9,5,10,1
I,4,piesa,1.7976931348623157E308,10,5,10,1
I,5,piesa,0.1,5,5,10,1
I,6,piesa,1.0,6,5,10,1
I,7,piesa,1.7976931348623157E308,9,5,10,1
I,8,piesa,1.7976931348623157E308,10,5,10,1
I,9,piesa,0.1,5,5,10,1
I,10,piesa,1.0,6,5,10,1
I,11,piesa,1.7976931348623157E308,9,5,10,1
I,12,piesa,1.7976931348623157E308,10,5,10,1
I,13,piesa,0.1,5,5,10,1
I,14,piesa,1.0,6,5,10,1
I,15,piesa,1.7976931348623157E308,9,5,10,1
I,16,piesa,1.7976931348623157E308,10,5,10,1
I,17,piesa,0.1,5,5,10,1
I,18,piesa,1.0,6,5,10,1
I,19,piesa,1.7976931348623157E308,9,5,10,1
I,20,piesa,1.7976931348623157E308,10,5,10,1
I,21,piesa,0.1,5,5,10,1
I,22,piesa,1.0,6,5,10,1
I,23,piesa,1.7976931348623157E308,9,5,10,1
I,24,piesa,1.7976931348623157E308,10,5,10,1
I,25,piesa,0.1,5,5,10,1
I,26,piesa,1.0,6,5,10,1
I,27,piesa,1.7976931348623157E308,9,5,10,1
I,28,piesa,1.7976931348623157E308,10,5,10,1
I,29,piesa,0.1,5,5,10,1
I,30,piesa,1.0,6,5,10,1
I,1,piesa,0.1,5,5,10,1
I,2,piesa,1.0,6,5,10,1
I,3,piesa,1.7976931348623157E308,9,5,10,1
I,4,piesa,1.7976931348623157E308,10,5,10,1
I,5,piesa,0.1,5,5,10,1
I,6,piesa,1.0,6,5,10,1
I,7,piesa,1.7976931348623157E308,9,5,10,1
I,8,piesa,1.7976931348623157E308,10,5,10,1
I,9,piesa,0.1,5,5,10,1
I,10,piesa,1.0,6,5,10,1
I,11,piesa,1.7976931348623157E308,9,5,10,1
I,12,piesa,1.7976931348623157E308,10,5,10,1
I,13,piesa,0.1,5,5,10,1
I,14,piesa,1.0,6,5,10,1
I,15,piesa,1.7976931348623157E308,9,5,10,1
I,16,piesa,1.7976931348623157E308,10,5,10,1
I,17,piesa,0.1,5,5,10,1
I,18,piesa,1.0,6,5,10,1
I,19,piesa,1.7976931348623157E308,9,5,10,1
I,20,piesa,1.7976931348623157E308,10,5,10,1
I,21,piesa,0.1,5,5,10,1
I,22,piesa,1.0,6,5,10,1
I,23,piesa,1.7976931348623157E308,9,5,10,1
I,24,piesa,1.7976931348623157E308,10,5,10,1
I,25,piesa,0.1,5,5,10,1
I,26,piesa,1.0,6,5,10,1
I,27,piesa,1.7976931348623157E308,9,5,10,1
I,28,piesa,1.7976931348623157E308,10,5,10,1
I,29,piesa,0.1,5,5,10,1
I,30,piesa,1.0,6,5,10,1
]]></system-out>
  </testcase>
  <testcase name="addValidInHousePart(double, int)[3]" classname="inventory.service.InventoryServiceTest" time="0.005">
    <system-out><![CDATA[I,1,piesa,0.1,5,5,10,1
I,2,piesa,1.0,6,5,10,1
I,3,piesa,1.7976931348623157E308,9,5,10,1
I,4,piesa,1.7976931348623157E308,10,5,10,1
I,5,piesa,0.1,5,5,10,1
I,6,piesa,1.0,6,5,10,1
I,7,piesa,1.7976931348623157E308,9,5,10,1
I,8,piesa,1.7976931348623157E308,10,5,10,1
I,9,piesa,0.1,5,5,10,1
I,10,piesa,1.0,6,5,10,1
I,11,piesa,1.7976931348623157E308,9,5,10,1
I,12,piesa,1.7976931348623157E308,10,5,10,1
I,13,piesa,0.1,5,5,10,1
I,14,piesa,1.0,6,5,10,1
I,15,piesa,1.7976931348623157E308,9,5,10,1
I,16,piesa,1.7976931348623157E308,10,5,10,1
I,17,piesa,0.1,5,5,10,1
I,18,piesa,1.0,6,5,10,1
I,19,piesa,1.7976931348623157E308,9,5,10,1
I,20,piesa,1.7976931348623157E308,10,5,10,1
I,21,piesa,0.1,5,5,10,1
I,22,piesa,1.0,6,5,10,1
I,23,piesa,1.7976931348623157E308,9,5,10,1
I,24,piesa,1.7976931348623157E308,10,5,10,1
I,25,piesa,0.1,5,5,10,1
I,26,piesa,1.0,6,5,10,1
I,27,piesa,1.7976931348623157E308,9,5,10,1
I,28,piesa,1.7976931348623157E308,10,5,10,1
I,29,piesa,0.1,5,5,10,1
I,30,piesa,1.0,6,5,10,1
I,31,piesa,1.7976931348623157E308,9,5,10,1
I,1,piesa,0.1,5,5,10,1
I,2,piesa,1.0,6,5,10,1
I,3,piesa,1.7976931348623157E308,9,5,10,1
I,4,piesa,1.7976931348623157E308,10,5,10,1
I,5,piesa,0.1,5,5,10,1
I,6,piesa,1.0,6,5,10,1
I,7,piesa,1.7976931348623157E308,9,5,10,1
I,8,piesa,1.7976931348623157E308,10,5,10,1
I,9,piesa,0.1,5,5,10,1
I,10,piesa,1.0,6,5,10,1
I,11,piesa,1.7976931348623157E308,9,5,10,1
I,12,piesa,1.7976931348623157E308,10,5,10,1
I,13,piesa,0.1,5,5,10,1
I,14,piesa,1.0,6,5,10,1
I,15,piesa,1.7976931348623157E308,9,5,10,1
I,16,piesa,1.7976931348623157E308,10,5,10,1
I,17,piesa,0.1,5,5,10,1
I,18,piesa,1.0,6,5,10,1
I,19,piesa,1.7976931348623157E308,9,5,10,1
I,20,piesa,1.7976931348623157E308,10,5,10,1
I,21,piesa,0.1,5,5,10,1
I,22,piesa,1.0,6,5,10,1
I,23,piesa,1.7976931348623157E308,9,5,10,1
I,24,piesa,1.7976931348623157E308,10,5,10,1
I,25,piesa,0.1,5,5,10,1
I,26,piesa,1.0,6,5,10,1
I,27,piesa,1.7976931348623157E308,9,5,10,1
I,28,piesa,1.7976931348623157E308,10,5,10,1
I,29,piesa,0.1,5,5,10,1
I,30,piesa,1.0,6,5,10,1
I,31,piesa,1.7976931348623157E308,9,5,10,1
]]></system-out>
  </testcase>
  <testcase name="addValidInHousePart(double, int)[4]" classname="inventory.service.InventoryServiceTest" time="0.006">
    <system-out><![CDATA[I,1,piesa,0.1,5,5,10,1
I,2,piesa,1.0,6,5,10,1
I,3,piesa,1.7976931348623157E308,9,5,10,1
I,4,piesa,1.7976931348623157E308,10,5,10,1
I,5,piesa,0.1,5,5,10,1
I,6,piesa,1.0,6,5,10,1
I,7,piesa,1.7976931348623157E308,9,5,10,1
I,8,piesa,1.7976931348623157E308,10,5,10,1
I,9,piesa,0.1,5,5,10,1
I,10,piesa,1.0,6,5,10,1
I,11,piesa,1.7976931348623157E308,9,5,10,1
I,12,piesa,1.7976931348623157E308,10,5,10,1
I,13,piesa,0.1,5,5,10,1
I,14,piesa,1.0,6,5,10,1
I,15,piesa,1.7976931348623157E308,9,5,10,1
I,16,piesa,1.7976931348623157E308,10,5,10,1
I,17,piesa,0.1,5,5,10,1
I,18,piesa,1.0,6,5,10,1
I,19,piesa,1.7976931348623157E308,9,5,10,1
I,20,piesa,1.7976931348623157E308,10,5,10,1
I,21,piesa,0.1,5,5,10,1
I,22,piesa,1.0,6,5,10,1
I,23,piesa,1.7976931348623157E308,9,5,10,1
I,24,piesa,1.7976931348623157E308,10,5,10,1
I,25,piesa,0.1,5,5,10,1
I,26,piesa,1.0,6,5,10,1
I,27,piesa,1.7976931348623157E308,9,5,10,1
I,28,piesa,1.7976931348623157E308,10,5,10,1
I,29,piesa,0.1,5,5,10,1
I,30,piesa,1.0,6,5,10,1
I,31,piesa,1.7976931348623157E308,9,5,10,1
I,32,piesa,1.7976931348623157E308,10,5,10,1
I,1,piesa,0.1,5,5,10,1
I,2,piesa,1.0,6,5,10,1
I,3,piesa,1.7976931348623157E308,9,5,10,1
I,4,piesa,1.7976931348623157E308,10,5,10,1
I,5,piesa,0.1,5,5,10,1
I,6,piesa,1.0,6,5,10,1
I,7,piesa,1.7976931348623157E308,9,5,10,1
I,8,piesa,1.7976931348623157E308,10,5,10,1
I,9,piesa,0.1,5,5,10,1
I,10,piesa,1.0,6,5,10,1
I,11,piesa,1.7976931348623157E308,9,5,10,1
I,12,piesa,1.7976931348623157E308,10,5,10,1
I,13,piesa,0.1,5,5,10,1
I,14,piesa,1.0,6,5,10,1
I,15,piesa,1.7976931348623157E308,9,5,10,1
I,16,piesa,1.7976931348623157E308,10,5,10,1
I,17,piesa,0.1,5,5,10,1
I,18,piesa,1.0,6,5,10,1
I,19,piesa,1.7976931348623157E308,9,5,10,1
I,20,piesa,1.7976931348623157E308,10,5,10,1
I,21,piesa,0.1,5,5,10,1
I,22,piesa,1.0,6,5,10,1
I,23,piesa,1.7976931348623157E308,9,5,10,1
I,24,piesa,1.7976931348623157E308,10,5,10,1
I,25,piesa,0.1,5,5,10,1
I,26,piesa,1.0,6,5,10,1
I,27,piesa,1.7976931348623157E308,9,5,10,1
I,28,piesa,1.7976931348623157E308,10,5,10,1
I,29,piesa,0.1,5,5,10,1
I,30,piesa,1.0,6,5,10,1
I,31,piesa,1.7976931348623157E308,9,5,10,1
I,32,piesa,1.7976931348623157E308,10,5,10,1
]]></system-out>
  </testcase>
  <testcase name="addInvalidPriceInHousePart(double)[1]" classname="inventory.service.InventoryServiceTest" time="0.006">
    <system-out><![CDATA[I,1,piesa,0.1,5,5,10,1
I,2,piesa,1.0,6,5,10,1
I,3,piesa,1.7976931348623157E308,9,5,10,1
I,4,piesa,1.7976931348623157E308,10,5,10,1
I,5,piesa,0.1,5,5,10,1
I,6,piesa,1.0,6,5,10,1
I,7,piesa,1.7976931348623157E308,9,5,10,1
I,8,piesa,1.7976931348623157E308,10,5,10,1
I,9,piesa,0.1,5,5,10,1
I,10,piesa,1.0,6,5,10,1
I,11,piesa,1.7976931348623157E308,9,5,10,1
I,12,piesa,1.7976931348623157E308,10,5,10,1
I,13,piesa,0.1,5,5,10,1
I,14,piesa,1.0,6,5,10,1
I,15,piesa,1.7976931348623157E308,9,5,10,1
I,16,piesa,1.7976931348623157E308,10,5,10,1
I,17,piesa,0.1,5,5,10,1
I,18,piesa,1.0,6,5,10,1
I,19,piesa,1.7976931348623157E308,9,5,10,1
I,20,piesa,1.7976931348623157E308,10,5,10,1
I,21,piesa,0.1,5,5,10,1
I,22,piesa,1.0,6,5,10,1
I,23,piesa,1.7976931348623157E308,9,5,10,1
I,24,piesa,1.7976931348623157E308,10,5,10,1
I,25,piesa,0.1,5,5,10,1
I,26,piesa,1.0,6,5,10,1
I,27,piesa,1.7976931348623157E308,9,5,10,1
I,28,piesa,1.7976931348623157E308,10,5,10,1
I,29,piesa,0.1,5,5,10,1
I,30,piesa,1.0,6,5,10,1
I,31,piesa,1.7976931348623157E308,9,5,10,1
I,32,piesa,1.7976931348623157E308,10,5,10,1
]]></system-out>
  </testcase>
  <testcase name="addInvalidInStockInHousePart(int)[1]" classname="inventory.service.InventoryServiceTest" time="0.004">
    <system-out><![CDATA[I,1,piesa,0.1,5,5,10,1
I,2,piesa,1.0,6,5,10,1
I,3,piesa,1.7976931348623157E308,9,5,10,1
I,4,piesa,1.7976931348623157E308,10,5,10,1
I,5,piesa,0.1,5,5,10,1
I,6,piesa,1.0,6,5,10,1
I,7,piesa,1.7976931348623157E308,9,5,10,1
I,8,piesa,1.7976931348623157E308,10,5,10,1
I,9,piesa,0.1,5,5,10,1
I,10,piesa,1.0,6,5,10,1
I,11,piesa,1.7976931348623157E308,9,5,10,1
I,12,piesa,1.7976931348623157E308,10,5,10,1
I,13,piesa,0.1,5,5,10,1
I,14,piesa,1.0,6,5,10,1
I,15,piesa,1.7976931348623157E308,9,5,10,1
I,16,piesa,1.7976931348623157E308,10,5,10,1
I,17,piesa,0.1,5,5,10,1
I,18,piesa,1.0,6,5,10,1
I,19,piesa,1.7976931348623157E308,9,5,10,1
I,20,piesa,1.7976931348623157E308,10,5,10,1
I,21,piesa,0.1,5,5,10,1
I,22,piesa,1.0,6,5,10,1
I,23,piesa,1.7976931348623157E308,9,5,10,1
I,24,piesa,1.7976931348623157E308,10,5,10,1
I,25,piesa,0.1,5,5,10,1
I,26,piesa,1.0,6,5,10,1
I,27,piesa,1.7976931348623157E308,9,5,10,1
I,28,piesa,1.7976931348623157E308,10,5,10,1
I,29,piesa,0.1,5,5,10,1
I,30,piesa,1.0,6,5,10,1
I,31,piesa,1.7976931348623157E308,9,5,10,1
I,32,piesa,1.7976931348623157E308,10,5,10,1
]]></system-out>
  </testcase>
  <testcase name="addInvalidInStockInHousePart(int)[2]" classname="inventory.service.InventoryServiceTest" time="0.003">
    <system-out><![CDATA[I,1,piesa,0.1,5,5,10,1
I,2,piesa,1.0,6,5,10,1
I,3,piesa,1.7976931348623157E308,9,5,10,1
I,4,piesa,1.7976931348623157E308,10,5,10,1
I,5,piesa,0.1,5,5,10,1
I,6,piesa,1.0,6,5,10,1
I,7,piesa,1.7976931348623157E308,9,5,10,1
I,8,piesa,1.7976931348623157E308,10,5,10,1
I,9,piesa,0.1,5,5,10,1
I,10,piesa,1.0,6,5,10,1
I,11,piesa,1.7976931348623157E308,9,5,10,1
I,12,piesa,1.7976931348623157E308,10,5,10,1
I,13,piesa,0.1,5,5,10,1
I,14,piesa,1.0,6,5,10,1
I,15,piesa,1.7976931348623157E308,9,5,10,1
I,16,piesa,1.7976931348623157E308,10,5,10,1
I,17,piesa,0.1,5,5,10,1
I,18,piesa,1.0,6,5,10,1
I,19,piesa,1.7976931348623157E308,9,5,10,1
I,20,piesa,1.7976931348623157E308,10,5,10,1
I,21,piesa,0.1,5,5,10,1
I,22,piesa,1.0,6,5,10,1
I,23,piesa,1.7976931348623157E308,9,5,10,1
I,24,piesa,1.7976931348623157E308,10,5,10,1
I,25,piesa,0.1,5,5,10,1
I,26,piesa,1.0,6,5,10,1
I,27,piesa,1.7976931348623157E308,9,5,10,1
I,28,piesa,1.7976931348623157E308,10,5,10,1
I,29,piesa,0.1,5,5,10,1
I,30,piesa,1.0,6,5,10,1
I,31,piesa,1.7976931348623157E308,9,5,10,1
I,32,piesa,1.7976931348623157E308,10,5,10,1
]]></system-out>
  </testcase>
  <testcase name="addInvalidInStockInHousePart" classname="inventory.service.InventoryServiceTest" time="0.0">
    <skipped message="In stock is overflowing"/>
  </testcase>
</testsuite>