<?xml version="1.0" encoding="UTF-8"?>
<testsuite xmlns:xsi="http://www.w3.org/2001/XMLSchema-instance" xsi:noNamespaceSchemaLocation="https://maven.apache.org/surefire/maven-surefire-plugin/xsd/surefire-test-report-3.0.xsd" version="3.0" name="inventory.service.InventoryServiceTest" time="0.162" tests="8" errors="0" skipped="1" failures="0">
  <properties>
    <property name="java.specification.version" value="21"/>
    <property name="sun.cpu.isalist" value="amd64"/>
    <property name="sun.jnu.encoding" value="Cp1252"/>
    <property name="java.class.path" value="C:\Users\dcata\Desktop\FACULTA\ANUL 3 SEM 2\VVSS\casianh10-VVSS-Lab-8a5dd8d\target\test-classes;C:\Users\dcata\.m2\repository\junit\junit\4.13.2\junit-4.13.2.jar;C:\Users\dcata\.m2\repository\org\hamcrest\hamcrest-core\1.3\hamcrest-core-1.3.jar;C:\Users\dcata\.m2\repository\org\mockito\mockito-core\2.23.0\mockito-core-2.23.0.jar;C:\Users\dcata\.m2\repository\net\bytebuddy\byte-buddy\1.9.0\byte-buddy-1.9.0.jar;C:\Users\dcata\.m2\repository\net\bytebuddy\byte-buddy-agent\1.9.0\byte-buddy-agent-1.9.0.jar;C:\Users\dcata\.m2\repository\org\objenesis\objenesis\2.6\objenesis-2.6.jar;C:\Users\dcata\.m2\repository\org\mockito\mockito-junit-jupiter\2.23.0\mockito-junit-jupiter-2.23.0.jar;C:\Users\dcata\.m2\repository\org\junit\jupiter\junit-jupiter-engine\5.6.0\junit-jupiter-engine-5.6.0.jar;C:\Users\dcata\.m2\repository\org\apiguardian\apiguardian-api\1.1.0\apiguardian-api-1.1.0.jar;C:\Users\dcata\.m2\repository\org\junit\platform\junit-platform-engine\1.6.0\junit-platform-engine-1.6.0.jar;C:\Users\dcata\.m2\repository\org\junit\jupiter\junit-jupiter-api\5.6.0\junit-jupiter-api-5.6.0.jar;C:\Users\dcata\.m2\repository\org\opentest4j\opentest4j\1.2.0\opentest4j-1.2.0.jar;C:\Users\dcata\.m2\repository\org\junit\platform\junit-platform-commons\1.6.0\junit-platform-commons-1.6.0.jar;C:\Users\dcata\.m2\repository\org\junit\jupiter\junit-jupiter-params\5.6.0\junit-jupiter-params-5.6.0.jar;C:\Users\dcata\.m2\repository\org\openjfx\javafx-base\14-ea+4\javafx-base-14-ea+4.jar;C:\Users\dcata\.m2\repository\org\openjfx\javafx-graphics\14-ea+4\javafx-graphics-14-ea+4.jar;C:\Users\dcata\.m2\repository\org\openjfx\javafx-controls\14-ea+4\javafx-controls-14-ea+4.jar;C:\Users\dcata\.m2\repository\org\openjfx\javafx-fxml\14-ea+4\javafx-fxml-14-ea+4.jar;C:\Users\dcata\.m2\repository\org\openjfx\javafx-media\14-ea+4\javafx-media-14-ea+4.jar;C:\Users\dcata\.m2\repository\org\openjfx\javafx-media\14-ea+4\javafx-media-14-ea+4-win.jar;C:\Users\dcata\.m2\repository\org\openjfx\javafx-swing\14-ea+4\javafx-swing-14-ea+4.jar;C:\Users\dcata\.m2\repository\org\openjfx\javafx-swing\14-ea+4\javafx-swing-14-ea+4-win.jar;C:\Users\dcata\.m2\repository\org\openjfx\javafx-web\14-ea+4\javafx-web-14-ea+4.jar;C:\Users\dcata\.m2\repository\org\openjfx\javafx-web\14-ea+4\javafx-web-14-ea+4-win.jar;C:\Users\dcata\.m2\repository\log4j\log4j\1.2.17\log4j-1.2.17.jar;C:\Users\dcata\.m2\repository\org\controlsfx\controlsfx\11.0.1\controlsfx-11.0.1.jar;"/>
    <property name="java.vm.vendor" value="Oracle Corporation"/>
    <property name="sun.arch.data.model" value="64"/>
    <property name="user.variant" value=""/>
    <property name="java.vendor.url" value="https://java.oracle.com/"/>
    <property name="mvnd.terminalWidth" value="184"/>
    <property name="user.timezone" value="Europe/Bucharest"/>
    <property name="os.name" value="Windows 10"/>
    <property name="java.vm.specification.version" value="21"/>
    <property name="sun.java.launcher" value="SUN_STANDARD"/>
    <property name="user.country" value="US"/>
    <property name="sun.boot.library.path" value="C:\Program Files\Java\jdk-21\bin"/>
    <property name="sun.java.command" value="org.apache.maven.surefire.booter.ForkedBooter C:\Users\dcata\AppData\Local\Temp\surefire7400904761781222095 2025-05-22T21-48-14_462-jvmRun1 surefire-20250523000627773_21tmp surefire_2-20250523000627773_22tmp"/>
    <property name="jdk.debug" value="release"/>
    <property name="surefire.test.class.path" value="C:\Users\dcata\Desktop\FACULTA\ANUL 3 SEM 2\VVSS\casianh10-VVSS-Lab-8a5dd8d\target\test-classes;C:\Users\dcata\.m2\repository\junit\junit\4.13.2\junit-4.13.2.jar;C:\Users\dcata\.m2\repository\org\hamcrest\hamcrest-core\1.3\hamcrest-core-1.3.jar;C:\Users\dcata\.m2\repository\org\mockito\mockito-core\2.23.0\mockito-core-2.23.0.jar;C:\Users\dcata\.m2\repository\net\bytebuddy\byte-buddy\1.9.0\byte-buddy-1.9.0.jar;C:\Users\dcata\.m2\repository\net\bytebuddy\byte-buddy-agent\1.9.0\byte-buddy-agent-1.9.0.jar;C:\Users\dcata\.m2\repository\org\objenesis\objenesis\2.6\objenesis-2.6.jar;C:\Users\dcata\.m2\repository\org\mockito\mockito-junit-jupiter\2.23.0\mockito-junit-jupiter-2.23.0.jar;C:\Users\dcata\.m2\repository\org\junit\jupiter\junit-jupiter-engine\5.6.0\junit-jupiter-engine-5.6.0.jar;C:\Users\dcata\.m2\repository\org\apiguardian\apiguardian-api\1.1.0\apiguardian-api-1.1.0.jar;C:\Users\dcata\.m2\repository\org\junit\platform\junit-platform-engine\1.6.0\junit-platform-engine-1.6.0.jar;C:\Users\dcata\.m2\repository\org\junit\jupiter\junit-jupiter-api\5.6.0\junit-jupiter-api-5.6.0.jar;C:\Users\dcata\.m2\repository\org\opentest4j\opentest4j\1.2.0\opentest4j-1.2.0.jar;C:\Users\dcata\.m2\repository\org\junit\platform\junit-platform-commons\1.6.0\junit-platform-commons-1.6.0.jar;C:\Users\dcata\.m2\repository\org\junit\jupiter\junit-jupiter-params\5.6.0\junit-jupiter-params-5.6.0.jar;C:\Users\dcata\.m2\repository\org\openjfx\javafx-base\14-ea+4\javafx-base-14-ea+4.jar;C:\Users\dcata\.m2\repository\org\openjfx\javafx-graphics\14-ea+4\javafx-graphics-14-ea+4.jar;C:\Users\dcata\.m2\repository\org\openjfx\javafx-controls\14-ea+4\javafx-controls-14-ea+4.jar;C:\Users\dcata\.m2\repository\org\openjfx\javafx-fxml\14-ea+4\javafx-fxml-14-ea+4.jar;C:\Users\dcata\.m2\repository\org\openjfx\javafx-media\14-ea+4\javafx-media-14-ea+4.jar;C:\Users\dcata\.m2\repository\org\openjfx\javafx-media\14-ea+4\javafx-media-14-ea+4-win.jar;C:\Users\dcata\.m2\repository\org\openjfx\javafx-swing\14-ea+4\javafx-swing-14-ea+4.jar;C:\Users\dcata\.m2\repository\org\openjfx\javafx-swing\14-ea+4\javafx-swing-14-ea+4-win.jar;C:\Users\dcata\.m2\repository\org\openjfx\javafx-web\14-ea+4\javafx-web-14-ea+4.jar;C:\Users\dcata\.m2\repository\org\openjfx\javafx-web\14-ea+4\javafx-web-14-ea+4-win.jar;C:\Users\dcata\.m2\repository\log4j\log4j\1.2.17\log4j-1.2.17.jar;C:\Users\dcata\.m2\repository\org\controlsfx\controlsfx\11.0.1\controlsfx-11.0.1.jar;"/>
    <property name="sun.cpu.endian" value="little"/>
    <property name="user.home" value="C:\Users\dcata"/>
    <property name="user.language" value="en"/>
    <property name="java.specification.vendor" value="Oracle Corporation"/>
    <property name="jdk.module.path" value="C:\Users\dcata\Desktop\FACULTA\ANUL 3 SEM 2\VVSS\casianh10-VVSS-Lab-8a5dd8d\target\classes;C:\Users\dcata\.m2\repository\org\openjfx\javafx-base\14-ea+4\javafx-base-14-ea+4-win.jar;C:\Users\dcata\.m2\repository\org\openjfx\javafx-graphics\14-ea+4\javafx-graphics-14-ea+4-win.jar;C:\Users\dcata\.m2\repository\org\openjfx\javafx-controls\14-ea+4\javafx-controls-14-ea+4-win.jar;C:\Users\dcata\.m2\repository\org\openjfx\javafx-fxml\14-ea+4\javafx-fxml-14-ea+4-win.jar"/>
    <property name="java.version.date" value="2023-09-19"/>
    <property name="java.home" value="C:\Program Files\Java\jdk-21"/>
    <property name="file.separator" value="\"/>
    <property name="basedir" value="C:\Users\dcata\Desktop\FACULTA\ANUL 3 SEM 2\VVSS\casianh10-VVSS-Lab-8a5dd8d"/>
    <property name="style.color" value="always"/>
    <property name="java.vm.compressedOopsMode" value="Zero based"/>
    <property name="line.separator" value="&#10;"/>
    <property name="java.vm.specification.vendor" value="Oracle Corporation"/>
    <property name="java.specification.name" value="Java Platform API Specification"/>
    <property name="surefire.real.class.path" value="C:\Users\dcata\.m2\repository\org\apache\maven\surefire\surefire-api\3.1.2\surefire-api-3.1.2.jar;C:\Users\dcata\.m2\repository\org\apache\maven\surefire\surefire-booter\3.1.2\surefire-booter-3.1.2.jar;C:\Users\dcata\.m2\repository\org\apache\maven\surefire\surefire-extensions-spi\3.1.2\surefire-extensions-spi-3.1.2.jar;C:\Users\dcata\.m2\repository\org\apache\maven\surefire\surefire-logger-api\3.1.2\surefire-logger-api-3.1.2.jar;C:\Users\dcata\.m2\repository\org\apache\maven\surefire\surefire-shared-utils\3.1.2\surefire-shared-utils-3.1.2.jar;C:\Users\dcata\Desktop\FACULTA\ANUL 3 SEM 2\VVSS\casianh10-VVSS-Lab-8a5dd8d\target\test-classes;C:\Users\dcata\.m2\repository\junit\junit\4.13.2\junit-4.13.2.jar;C:\Users\dcata\.m2\repository\org\hamcrest\hamcrest-core\1.3\hamcrest-core-1.3.jar;C:\Users\dcata\.m2\repository\org\mockito\mockito-core\2.23.0\mockito-core-2.23.0.jar;C:\Users\dcata\.m2\repository\net\bytebuddy\byte-buddy\1.9.0\byte-buddy-1.9.0.jar;C:\Users\dcata\.m2\repository\net\bytebuddy\byte-buddy-agent\1.9.0\byte-buddy-agent-1.9.0.jar;C:\Users\dcata\.m2\repository\org\objenesis\objenesis\2.6\objenesis-2.6.jar;C:\Users\dcata\.m2\repository\org\mockito\mockito-junit-jupiter\2.23.0\mockito-junit-jupiter-2.23.0.jar;C:\Users\dcata\.m2\repository\org\junit\jupiter\junit-jupiter-engine\5.6.0\junit-jupiter-engine-5.6.0.jar;C:\Users\dcata\.m2\repository\org\apiguardian\apiguardian-api\1.1.0\apiguardian-api-1.1.0.jar;C:\Users\dcata\.m2\repository\org\junit\platform\junit-platform-engine\1.6.0\junit-platform-engine-1.6.0.jar;C:\Users\dcata\.m2\repository\org\junit\jupiter\junit-jupiter-api\5.6.0\junit-jupiter-api-5.6.0.jar;C:\Users\dcata\.m2\repository\org\opentest4j\opentest4j\1.2.0\opentest4j-1.2.0.jar;C:\Users\dcata\.m2\repository\org\junit\platform\junit-platform-commons\1.6.0\junit-platform-commons-1.6.0.jar;C:\Users\dcata\.m2\repository\org\junit\jupiter\junit-jupiter-params\5.6.0\junit-jupiter-params-5.6.0.jar;C:\Users\dcata\.m2\repository\org\openjfx\javafx-base\14-ea+4\javafx-base-14-ea+4.jar;C:\Users\dcata\.m2\repository\org\openjfx\javafx-graphics\14-ea+4\javafx-graphics-14-ea+4.jar;C:\Users\dcata\.m2\repository\org\openjfx\javafx-controls\14-ea+4\javafx-controls-14-ea+4.jar;C:\Users\dcata\.m2\repository\org\openjfx\javafx-fxml\14-ea+4\javafx-fxml-14-ea+4.jar;C:\Users\dcata\.m2\repository\org\openjfx\javafx-media\14-ea+4\javafx-media-14-ea+4.jar;C:\Users\dcata\.m2\repository\org\openjfx\javafx-media\14-ea+4\javafx-media-14-ea+4-win.jar;C:\Users\dcata\.m2\repository\org\openjfx\javafx-swing\14-ea+4\javafx-swing-14-ea+4.jar;C:\Users\dcata\.m2\repository\org\openjfx\javafx-swing\14-ea+4\javafx-swing-14-ea+4-win.jar;C:\Users\dcata\.m2\repository\org\openjfx\javafx-web\14-ea+4\javafx-web-14-ea+4.jar;C:\Users\dcata\.m2\repository\org\openjfx\javafx-web\14-ea+4\javafx-web-14-ea+4-win.jar;C:\Users\dcata\.m2\repository\log4j\log4j\1.2.17\log4j-1.2.17.jar;C:\Users\dcata\.m2\repository\org\controlsfx\controlsfx\11.0.1\controlsfx-11.0.1.jar;C:\Users\dcata\.m2\repository\org\apache\maven\surefire\surefire-junit-platform\3.1.2\surefire-junit-platform-3.1.2.jar;C:\Users\dcata\.m2\repository\org\apache\maven\surefire\common-java5\3.1.2\common-java5-3.1.2.jar;C:\Users\dcata\.m2\repository\org\junit\platform\junit-platform-launcher\1.6.0\junit-platform-launcher-1.6.0.jar"/>
    <property name="user.script" value=""/>
    <property name="sun.management.compiler" value="HotSpot 64-Bit Tiered Compilers"/>
    <property name="java.runtime.version" value="21+35-LTS-2513"/>
    <property name="user.name" value="dcata"/>
    <property name="stdout.encoding" value="Cp1252"/>
    <property name="path.separator" value=";"/>
    <property name="os.version" value="10.0"/>
    <property name="java.runtime.name" value="Java(TM) SE Runtime Environment"/>
    <property name="file.encoding" value="UTF-8"/>
    <property name="java.vm.name" value="Java HotSpot(TM) 64-Bit Server VM"/>
    <property name="localRepository" value="C:\Users\dcata\.m2\repository"/>
    <property name="java.vendor.url.bug" value="https://bugreport.java.com/bugreport/"/>
    <property name="java.io.tmpdir" value="C:\Users\dcata\AppData\Local\Temp\"/>
    <property name="java.version" value="21"/>
    <property name="user.dir" value="C:\Users\dcata\Desktop\FACULTA\ANUL 3 SEM 2\VVSS\casianh10-VVSS-Lab-8a5dd8d"/>
    <property name="os.arch" value="amd64"/>
    <property name="maven.multiModuleProjectDirectory" value="C:\Users\dcata\Desktop\FACULTA\ANUL 3 SEM 2\VVSS\casianh10-VVSS-Lab-8a5dd8d"/>
    <property name="java.vm.specification.name" value="Java Virtual Machine Specification"/>
    <property name="sun.os.patch.level" value=""/>
    <property name="native.encoding" value="Cp1252"/>
    <property name="java.library.path" value="C:\Program Files\Java\jdk-21\bin;C:\Windows\Sun\Java\bin;C:\Windows\system32;C:\Windows;C:\Program Files\NVIDIA GPU Computing Toolkit\CUDA\v12.6\bin;C:\Program Files\NVIDIA GPU Computing Toolkit\CUDA\v12.6\libnvvp;C:\Program Files\Microsoft MPI\Bin\;C:\Program Files\Common Files\Oracle\Java\javapath;C:\Program Files\Microsoft\jdk-11.0.16.101-hotspot\bin;C:\Windows\system32;C:\Windows;C:\Windows\System32\Wbem;C:\Windows\System32\WindowsPowerShell\v1.0\;C:\Windows\System32\OpenSSH\;C:\Program Files (x86)\NVIDIA Corporation\PhysX\Common;C:\Program Files\Microsoft SQL Server\150\Tools\Binn\;C:\Program Files\Microsoft SQL Server\Client SDK\ODBC\170\Tools\Binn\;C:\Program Files (x86)\Microsoft SQL Server\160\Tools\Binn\;C:\Program Files\Microsoft SQL Server\160\Tools\Binn\;C:\Program Files\Microsoft SQL Server\160\DTS\Binn\;C:\Program Files (x86)\Microsoft SQL Server\160\DTS\Binn\;C:\Program Files\Azure Data Studio\bin;C:\Program Files\Git\cmd;C:\Program Files\dotnet\;C:\Program Files\nodejs\;C:\Program Files\NVIDIA Corporation\Nsight Compute 2024.3.2\;C:\Program Files\NVIDIA Corporation\NVIDIA app\NvDLISR;C:\Users\dcata\AppData\Local\Programs\Python\Python312\Scripts\;C:\Users\dcata\AppData\Local\Programs\Python\Python312\;C:\Users\dcata\AppData\Local\Microsoft\WindowsApps;C:\Users\dcata\AppData\Local\Programs\Microsoft VS Code\bin;C:\Program Files\Azure Data Studio\bin;C:\Users\dcata\AppData\Local\GitHubDesktop\bin;C:\Program Files\JetBrains\PyCharm 2024.1.1\bin;;C:\Users\dcata\.dotnet\tools;C:\Users\dcata\AppData\Roaming\npm;C:\Program Files\nodejs\;C:\Program Files\esa-snap\bin;C:\MinGW\bin;C:\MinGW\msys\1.0\bin;C:\Program Files (x86)\GnuWin32\bin;C:\Users\dcata\Desktop\FACULTA\ANUL 3 SEM 2\VVSS\maven-mvnd-1.0.2-windows-amd64\bin;;."/>
    <property name="java.vm.info" value="mixed mode"/>
    <property name="stderr.encoding" value="Cp1252"/>
    <property name="java.vendor" value="Oracle Corporation"/>
    <property name="java.vm.version" value="21+35-LTS-2513"/>
    <property name="sun.io.unicode.encoding" value="UnicodeLittle"/>
    <property name="java.class.version" value="65.0"/>
  </properties>
  <testcase name="addValidInHousePart(double, int)[1]" classname="inventory.service.InventoryServiceTest" time="0.057">
    <system-out><![CDATA[I,1,piesa,0.1,5,5,10,1
I,2,piesa,1.0,6,5,10,1
I,3,piesa,1.7976931348623157E308,9,5,10,1
I,4,piesa,1.7976931348623157E308,10,5,10,1
I,5,piesa,0.1,5,5,10,1
I,6,piesa,1.0,6,5,10,1
I,7,piesa,1.7976931348623157E308,9,5,10,1
I,8,piesa,1.7976931348623157E308,10,5,10,1
I,9,piesa,0.1,5,5,10,1
I,1,piesa,0.1,5,5,10,1
I,2,piesa,1.0,6,5,10,1
I,3,piesa,1.7976931348623157E308,9,5,10,1
I,4,piesa,1.7976931348623157E308,10,5,10,1
I,5,piesa,0.1,5,5,10,1
I,6,piesa,1.0,6,5,10,1
I,7,piesa,1.7976931348623157E308,9,5,10,1
I,8,piesa,1.7976931348623157E308,10,5,10,1
I,9,piesa,0.1,5,5,10,1
]]></system-out>
  </testcase>
  <testcase name="addValidInHousePart(double, int)[2]" classname="inventory.service.InventoryServiceTest" time="0.004">
    <system-out><![CDATA[I,1,piesa,0.1,5,5,10,1
I,2,piesa,1.0,6,5,10,1
I,3,piesa,1.7976931348623157E308,9,5,10,1
I,4,piesa,1.7976931348623157E308,10,5,10,1
I,5,piesa,0.1,5,5,10,1
I,6,piesa,1.0,6,5,10,1
I,7,piesa,1.7976931348623157E308,9,5,10,1
I,8,piesa,1.7976931348623157E308,10,5,10,1
I,9,piesa,0.1,5,5,10,1
I,10,piesa,1.0,6,5,10,1
I,1,piesa,0.1,5,5,10,1
I,2,piesa,1.0,6,5,10,1
I,3,piesa,1.7976931348623157E308,9,5,10,1
I,4,piesa,1.7976931348623157E308,10,5,10,1
I,5,piesa,0.1,5,5,10,1
I,6,piesa,1.0,6,5,10,1
I,7,piesa,1.7976931348623157E308,9,5,10,1
I,8,piesa,1.7976931348623157E308,10,5,10,1
I,9,piesa,0.1,5,5,10,1
I,10,piesa,1.0,6,5,10,1
]]></system-out>
  </testcase>
  <testcase name="addValidInHousePart(double, int)[3]" classname="inventory.service.InventoryServiceTest" time="0.007">
    <system-out><![CDATA[I,1,piesa,0.1,5,5,10,1
I,2,piesa,1.0,6,5,10,1
I,3,piesa,1.7976931348623157E308,9,5,10,1
I,4,piesa,1.7976931348623157E308,10,5,10,1
I,5,piesa,0.1,5,5,10,1
I,6,piesa,1.0,6,5,10,1
I,7,piesa,1.7976931348623157E308,9,5,10,1
I,8,piesa,1.7976931348623157E308,10,5,10,1
I,9,piesa,0.1,5,5,10,1
I,10,piesa,1.0,6,5,10,1
I,11,piesa,1.7976931348623157E308,9,5,10,1
I,1,piesa,0.1,5,5,10,1
I,2,piesa,1.0,6,5,10,1
I,3,piesa,1.7976931348623157E308,9,5,10,1
I,4,piesa,1.7976931348623157E308,10,5,10,1
I,5,piesa,0.1,5,5,10,1
I,6,piesa,1.0,6,5,10,1
I,7,piesa,1.7976931348623157E308,9,5,10,1
I,8,piesa,1.7976931348623157E308,10,5,10,1
I,9,piesa,0.1,5,5,10,1
I,10,piesa,1.0,6,5,10,1
I,11,piesa,1.7976931348623157E308,9,5,10,1
]]></system-out>
  </testcase>
  <testcase name="addValidInHousePart(double, int)[4]" classname="inventory.service.InventoryServiceTest" time="0.006">
    <system-out><![CDATA[I,1,piesa,0.1,5,5,10,1
I,2,piesa,1.0,6,5,10,1
I,3,piesa,1.7976931348623157E308,9,5,10,1
I,4,piesa,1.7976931348623157E308,10,5,10,1
I,5,piesa,0.1,5,5,10,1
I,6,piesa,1.0,6,5,10,1
I,7,piesa,1.7976931348623157E308,9,5,10,1
I,8,piesa,1.7976931348623157E308,10,5,10,1
I,9,piesa,0.1,5,5,10,1
I,10,piesa,1.0,6,5,10,1
I,11,piesa,1.7976931348623157E308,9,5,10,1
I,12,piesa,1.7976931348623157E308,10,5,10,1
I,1,piesa,0.1,5,5,10,1
I,2,piesa,1.0,6,5,10,1
I,3,piesa,1.7976931348623157E308,9,5,10,1
I,4,piesa,1.7976931348623157E308,10,5,10,1
I,5,piesa,0.1,5,5,10,1
I,6,piesa,1.0,6,5,10,1
I,7,piesa,1.7976931348623157E308,9,5,10,1
I,8,piesa,1.7976931348623157E308,10,5,10,1
I,9,piesa,0.1,5,5,10,1
I,10,piesa,1.0,6,5,10,1
I,11,piesa,1.7976931348623157E308,9,5,10,1
I,12,piesa,1.7976931348623157E308,10,5,10,1
]]></system-out>
  </testcase>
  <testcase name="addInvalidPriceInHousePart(double)[1]" classname="inventory.service.InventoryServiceTest" time="0.01">
    <system-out><![CDATA[I,1,piesa,0.1,5,5,10,1
I,2,piesa,1.0,6,5,10,1
I,3,piesa,1.7976931348623157E308,9,5,10,1
I,4,piesa,1.7976931348623157E308,10,5,10,1
I,5,piesa,0.1,5,5,10,1
I,6,piesa,1.0,6,5,10,1
I,7,piesa,1.7976931348623157E308,9,5,10,1
I,8,piesa,1.7976931348623157E308,10,5,10,1
I,9,piesa,0.1,5,5,10,1
I,10,piesa,1.0,6,5,10,1
I,11,piesa,1.7976931348623157E308,9,5,10,1
I,12,piesa,1.7976931348623157E308,10,5,10,1
]]></system-out>
  </testcase>
  <testcase name="addInvalidInStockInHousePart(int)[1]" classname="inventory.service.InventoryServiceTest" time="0.007">
    <system-out><![CDATA[I,1,piesa,0.1,5,5,10,1
I,2,piesa,1.0,6,5,10,1
I,3,piesa,1.7976931348623157E308,9,5,10,1
I,4,piesa,1.7976931348623157E308,10,5,10,1
I,5,piesa,0.1,5,5,10,1
I,6,piesa,1.0,6,5,10,1
I,7,piesa,1.7976931348623157E308,9,5,10,1
I,8,piesa,1.7976931348623157E308,10,5,10,1
I,9,piesa,0.1,5,5,10,1
I,10,piesa,1.0,6,5,10,1
I,11,piesa,1.7976931348623157E308,9,5,10,1
I,12,piesa,1.7976931348623157E308,10,5,10,1
]]></system-out>
  </testcase>
  <testcase name="addInvalidInStockInHousePart(int)[2]" classname="inventory.service.InventoryServiceTest" time="0.004">
    <system-out><![CDATA[I,1,piesa,0.1,5,5,10,1
I,2,piesa,1.0,6,5,10,1
I,3,piesa,1.7976931348623157E308,9,5,10,1
I,4,piesa,1.7976931348623157E308,10,5,10,1
I,5,piesa,0.1,5,5,10,1
I,6,piesa,1.0,6,5,10,1
I,7,piesa,1.7976931348623157E308,9,5,10,1
I,8,piesa,1.7976931348623157E308,10,5,10,1
I,9,piesa,0.1,5,5,10,1
I,10,piesa,1.0,6,5,10,1
I,11,piesa,1.7976931348623157E308,9,5,10,1
I,12,piesa,1.7976931348623157E308,10,5,10,1
]]></system-out>
  </testcase>
  <testcase name="addInvalidInStockInHousePart" classname="inventory.service.InventoryServiceTest" time="0.0">
    <skipped message="In stock is overflowing"/>
  </testcase>
</testsuite>